# JRE version: OpenJDK Runtime Environment (11.0.12+7) (build 11.0.12+7-b1504.28-7817840)
# Java VM: OpenJDK 64-Bit Server VM (11.0.12+7-b1504.28-7817840, mixed mode, tiered, compressed oops, g1 gc, windows-amd64)
Heap:
 garbage-first heap   total 152576K, used 111218K [0x0000000080000000, 0x0000000100000000)
  region size 1024K, 13 young (13312K), 2 survivors (2048K)
 Metaspace       used 95204K, capacity 97897K, committed 98128K, reserved 1134592K
  class space    used 12136K, capacity 13095K, committed 13136K, reserved 1048576K
GC Heap History (20 events):
Event: 313.178 GC heap before
{Heap before GC invocations=52 (full 0):
 garbage-first heap   total 152576K, used 108855K [0x0000000080000000, 0x0000000100000000)
  region size 1024K, 12 young (12288K), 1 survivors (1024K)
 Metaspace       used 94583K, capacity 97244K, committed 97360K, reserved 1134592K
  class space    used 12104K, capacity 13039K, committed 13136K, reserved 1048576K
}
Event: 313.181 GC heap after
{Heap after GC invocations=53 (full 0):
 garbage-first heap   total 152576K, used 99903K [0x0000000080000000, 0x0000000100000000)
  region size 1024K, 1 young (1024K), 1 survivors (1024K)
 Metaspace       used 94583K, capacity 97244K, committed 97360K, reserved 1134592K
  class space    used 12104K, capacity 13039K, committed 13136K, reserved 1048576K
}
Event: 330.407 GC heap before
{Heap before GC invocations=54 (full 0):
 garbage-first heap   total 152576K, used 145983K [0x0000000080000000, 0x0000000100000000)
  region size 1024K, 27 young (27648K), 1 survivors (1024K)
 Metaspace       used 94633K, capacity 97250K, committed 97360K, reserved 1134592K
  class space    used 12105K, capacity 13040K, committed 13136K, reserved 1048576K
}
Event: 330.412 GC heap after
{Heap after GC invocations=55 (full 0):
 garbage-first heap   total 152576K, used 101662K [0x0000000080000000, 0x0000000100000000)
  region size 1024K, 3 young (3072K), 3 survivors (3072K)
 Metaspace       used 94633K, capacity 97250K, committed 97360K, reserved 1134592K
  class space    used 12105K, capacity 13040K, committed 13136K, reserved 1048576K
}
Event: 330.456 GC heap before
{Heap before GC invocations=55 (full 0):
 garbage-first heap   total 152576K, used 105758K [0x0000000080000000, 0x0000000100000000)
  region size 1024K, 7 young (7168K), 3 survivors (3072K)
 Metaspace       used 94685K, capacity 97254K, committed 97360K, reserved 1134592K
  class space    used 12105K, capacity 13040K, committed 13136K, reserved 1048576K
}
Event: 330.465 GC heap after
{Heap after GC invocations=56 (full 0):
 garbage-first heap   total 152576K, used 99795K [0x0000000080000000, 0x0000000100000000)
  region size 1024K, 1 young (1024K), 1 survivors (1024K)
 Metaspace       used 94685K, capacity 97254K, committed 97360K, reserved 1134592K
  class space    used 12105K, capacity 13040K, committed 13136K, reserved 1048576K
}
Event: 330.780 GC heap before
{Heap before GC invocations=56 (full 0):
 garbage-first heap   total 152576K, used 126419K [0x0000000080000000, 0x0000000100000000)
  region size 1024K, 27 young (27648K), 1 survivors (1024K)
 Metaspace       used 94786K, capacity 97395K, committed 97616K, reserved 1134592K
  class space    used 12106K, capacity 13043K, committed 13136K, reserved 1048576K
}
Event: 330.795 GC heap after
{Heap after GC invocations=57 (full 0):
 garbage-first heap   total 152576K, used 103611K [0x0000000080000000, 0x0000000100000000)
  region size 1024K, 4 young (4096K), 4 survivors (4096K)
 Metaspace       used 94786K, capacity 97395K, committed 97616K, reserved 1134592K
  class space    used 12106K, capacity 13043K, committed 13136K, reserved 1048576K
}
Event: 332.731 GC heap before
{Heap before GC invocations=58 (full 0):
 garbage-first heap   total 152576K, used 127163K [0x0000000080000000, 0x0000000100000000)
  region size 1024K, 28 young (28672K), 4 survivors (4096K)
 Metaspace       used 94812K, capacity 97398K, committed 97616K, reserved 1134592K
  class space    used 12107K, capacity 13044K, committed 13136K, reserved 1048576K
}
Event: 332.739 GC heap after
{Heap after GC invocations=59 (full 0):
 garbage-first heap   total 152576K, used 107890K [0x0000000080000000, 0x0000000100000000)
  region size 1024K, 4 young (4096K), 4 survivors (4096K)
 Metaspace       used 94812K, capacity 97398K, committed 97616K, reserved 1134592K
  class space    used 12107K, capacity 13044K, committed 13136K, reserved 1048576K
}
Event: 332.750 GC heap before
{Heap before GC invocations=59 (full 0):
 garbage-first heap   total 152576K, used 110962K [0x0000000080000000, 0x0000000100000000)
  region size 1024K, 7 young (7168K), 4 survivors (4096K)
 Metaspace       used 94812K, capacity 97398K, committed 97616K, reserved 1134592K
  class space    used 12107K, capacity 13044K, committed 13136K, reserved 1048576K
}
Event: 332.760 GC heap after
{Heap after GC invocations=60 (full 0):
 garbage-first heap   total 152576K, used 97872K [0x0000000080000000, 0x0000000100000000)
  region size 1024K, 1 young (1024K), 1 survivors (1024K)
 Metaspace       used 94812K, capacity 97398K, committed 97616K, reserved 1134592K
  class space    used 12107K, capacity 13044K, committed 13136K, reserved 1048576K
}
Event: 332.874 GC heap before
{Heap before GC invocations=60 (full 0):
 garbage-first heap   total 152576K, used 122448K [0x0000000080000000, 0x0000000100000000)
  region size 1024K, 26 young (26624K), 1 survivors (1024K)
 Metaspace       used 94831K, capacity 97462K, committed 97616K, reserved 1134592K
  class space    used 12107K, capacity 13044K, committed 13136K, reserved 1048576K
}
Event: 332.885 GC heap after
{Heap after GC invocations=61 (full 0):
 garbage-first heap   total 152576K, used 100222K [0x0000000080000000, 0x0000000100000000)
  region size 1024K, 4 young (4096K), 4 survivors (4096K)
 Metaspace       used 94831K, capacity 97462K, committed 97616K, reserved 1134592K
  class space    used 12107K, capacity 13044K, committed 13136K, reserved 1048576K
}
Event: 333.206 GC heap before
{Heap before GC invocations=62 (full 0):
 garbage-first heap   total 152576K, used 123774K [0x0000000080000000, 0x0000000100000000)
  region size 1024K, 28 young (28672K), 4 survivors (4096K)
 Metaspace       used 94889K, capacity 97478K, committed 97616K, reserved 1134592K
  class space    used 12109K, capacity 13047K, committed 13136K, reserved 1048576K
}
Event: 333.211 GC heap after
{Heap after GC invocations=63 (full 0):
 garbage-first heap   total 152576K, used 99762K [0x0000000080000000, 0x0000000100000000)
  region size 1024K, 2 young (2048K), 2 survivors (2048K)
 Metaspace       used 94889K, capacity 97478K, committed 97616K, reserved 1134592K
  class space    used 12109K, capacity 13047K, committed 13136K, reserved 1048576K
}
Event: 333.369 GC heap before
{Heap before GC invocations=63 (full 0):
 garbage-first heap   total 152576K, used 122290K [0x0000000080000000, 0x0000000100000000)
  region size 1024K, 7 young (7168K), 2 survivors (2048K)
 Metaspace       used 94896K, capacity 97478K, committed 97616K, reserved 1134592K
  class space    used 12109K, capacity 13047K, committed 13136K, reserved 1048576K
}
Event: 333.371 GC heap after
{Heap after GC invocations=64 (full 0):
 garbage-first heap   total 152576K, used 99273K [0x0000000080000000, 0x0000000100000000)
  region size 1024K, 1 young (1024K), 1 survivors (1024K)
 Metaspace       used 94896K, capacity 97478K, committed 97616K, reserved 1134592K
  class space    used 12109K, capacity 13047K, committed 13136K, reserved 1048576K
}
Event: 466.157 GC heap before
{Heap before GC invocations=64 (full 0):
 garbage-first heap   total 152576K, used 125897K [0x0000000080000000, 0x0000000100000000)
  region size 1024K, 27 young (27648K), 1 survivors (1024K)
 Metaspace       used 94976K, capacity 97645K, committed 97872K, reserved 1134592K
  class space    used 12113K, capacity 13054K, committed 13136K, reserved 1048576K
}
Event: 466.198 GC heap after
{Heap after GC invocations=65 (full 0):
 garbage-first heap   total 152576K, used 100978K [0x0000000080000000, 0x0000000100000000)
  region size 1024K, 2 young (2048K), 2 survivors (2048K)
 Metaspace       used 94976K, capacity 97645K, committed 97872K, reserved 1134592K
  class space    used 12113K, capacity 13054K, committed 13136K, reserved 1048576K
}

