# JRE version: OpenJDK Runtime Environment (11.0.12+7) (build 11.0.12+7-b1504.28-7817840)
# Java VM: OpenJDK 64-Bit Server VM (11.0.12+7-b1504.28-7817840, mixed mode, tiered, compressed oops, g1 gc, windows-amd64)
Heap:
 garbage-first heap   total 152576K, used 102260K [0x0000000080000000, 0x0000000100000000)
  region size 1024K, 55 young (56320K), 7 survivors (7168K)
 Metaspace       used 65836K, capacity 67597K, committed 67884K, reserved 1107968K
  class space    used 8406K, capacity 9018K, committed 9088K, reserved 1048576K
GC Heap History (20 events):
Event: 2.543 GC heap before
{Heap before GC invocations=1 (full 0):
 garbage-first heap   total 126976K, used 82373K [0x0000000080000000, 0x0000000100000000)
  region size 1024K, 74 young (75776K), 3 survivors (3072K)
 Metaspace       used 17494K, capacity 17877K, committed 18176K, reserved 1064960K
  class space    used 2065K, capacity 2179K, committed 2304K, reserved 1048576K
}
Event: 2.550 GC heap after
{Heap after GC invocations=2 (full 0):
 garbage-first heap   total 126976K, used 16166K [0x0000000080000000, 0x0000000100000000)
  region size 1024K, 10 young (10240K), 10 survivors (10240K)
 Metaspace       used 17494K, capacity 17877K, committed 18176K, reserved 1064960K
  class space    used 2065K, capacity 2179K, committed 2304K, reserved 1048576K
}
Event: 3.138 GC heap before
{Heap before GC invocations=2 (full 0):
 garbage-first heap   total 126976K, used 46886K [0x0000000080000000, 0x0000000100000000)
  region size 1024K, 41 young (41984K), 10 survivors (10240K)
 Metaspace       used 20742K, capacity 21140K, committed 21248K, reserved 1067008K
  class space    used 2558K, capacity 2713K, committed 2816K, reserved 1048576K
}
Event: 3.146 GC heap after
{Heap after GC invocations=3 (full 0):
 garbage-first heap   total 126976K, used 17413K [0x0000000080000000, 0x0000000100000000)
  region size 1024K, 2 young (2048K), 2 survivors (2048K)
 Metaspace       used 20742K, capacity 21140K, committed 21248K, reserved 1067008K
  class space    used 2558K, capacity 2713K, committed 2816K, reserved 1048576K
}
Event: 4.010 GC heap before
{Heap before GC invocations=4 (full 0):
 garbage-first heap   total 126976K, used 78853K [0x0000000080000000, 0x0000000100000000)
  region size 1024K, 62 young (63488K), 2 survivors (2048K)
 Metaspace       used 27055K, capacity 27660K, committed 27904K, reserved 1073152K
  class space    used 3541K, capacity 3769K, committed 3840K, reserved 1048576K
}
Event: 4.013 GC heap after
{Heap after GC invocations=5 (full 0):
 garbage-first heap   total 126976K, used 19307K [0x0000000080000000, 0x0000000100000000)
  region size 1024K, 4 young (4096K), 4 survivors (4096K)
 Metaspace       used 27055K, capacity 27660K, committed 27904K, reserved 1073152K
  class space    used 3541K, capacity 3769K, committed 3840K, reserved 1048576K
}
Event: 4.943 GC heap before
{Heap before GC invocations=5 (full 0):
 garbage-first heap   total 126976K, used 70507K [0x0000000080000000, 0x0000000100000000)
  region size 1024K, 55 young (56320K), 4 survivors (4096K)
 Metaspace       used 34896K, capacity 35718K, committed 35840K, reserved 1081344K
  class space    used 4533K, capacity 4839K, committed 4864K, reserved 1048576K
}
Event: 4.954 GC heap after
{Heap after GC invocations=6 (full 0):
 garbage-first heap   total 126976K, used 22391K [0x0000000080000000, 0x0000000100000000)
  region size 1024K, 7 young (7168K), 7 survivors (7168K)
 Metaspace       used 34896K, capacity 35718K, committed 35840K, reserved 1081344K
  class space    used 4533K, capacity 4839K, committed 4864K, reserved 1048576K
}
Event: 5.707 GC heap before
{Heap before GC invocations=7 (full 0):
 garbage-first heap   total 126976K, used 92023K [0x0000000080000000, 0x0000000100000000)
  region size 1024K, 73 young (74752K), 7 survivors (7168K)
 Metaspace       used 40180K, capacity 41157K, committed 41344K, reserved 1085440K
  class space    used 5144K, capacity 5476K, committed 5504K, reserved 1048576K
}
Event: 5.715 GC heap after
{Heap after GC invocations=8 (full 0):
 garbage-first heap   total 126976K, used 28119K [0x0000000080000000, 0x0000000100000000)
  region size 1024K, 10 young (10240K), 10 survivors (10240K)
 Metaspace       used 40180K, capacity 41157K, committed 41344K, reserved 1085440K
  class space    used 5144K, capacity 5476K, committed 5504K, reserved 1048576K
}
Event: 6.494 GC heap before
{Heap before GC invocations=8 (full 0):
 garbage-first heap   total 126976K, used 92631K [0x0000000080000000, 0x0000000100000000)
  region size 1024K, 73 young (74752K), 10 survivors (10240K)
 Metaspace       used 45557K, capacity 46683K, committed 46720K, reserved 1089536K
  class space    used 5867K, capacity 6244K, committed 6272K, reserved 1048576K
}
Event: 6.501 GC heap after
{Heap after GC invocations=9 (full 0):
 garbage-first heap   total 126976K, used 31253K [0x0000000080000000, 0x0000000100000000)
  region size 1024K, 9 young (9216K), 9 survivors (9216K)
 Metaspace       used 45557K, capacity 46683K, committed 46720K, reserved 1089536K
  class space    used 5867K, capacity 6244K, committed 6272K, reserved 1048576K
}
Event: 7.904 GC heap before
{Heap before GC invocations=9 (full 0):
 garbage-first heap   total 126976K, used 96789K [0x0000000080000000, 0x0000000100000000)
  region size 1024K, 71 young (72704K), 9 survivors (9216K)
 Metaspace       used 48451K, capacity 49722K, committed 49920K, reserved 1093632K
  class space    used 6202K, capacity 6634K, committed 6656K, reserved 1048576K
}
Event: 7.914 GC heap after
{Heap after GC invocations=10 (full 0):
 garbage-first heap   total 126976K, used 39023K [0x0000000080000000, 0x0000000100000000)
  region size 1024K, 9 young (9216K), 9 survivors (9216K)
 Metaspace       used 48451K, capacity 49722K, committed 49920K, reserved 1093632K
  class space    used 6202K, capacity 6634K, committed 6656K, reserved 1048576K
}
Event: 9.094 GC heap before
{Heap before GC invocations=10 (full 0):
 garbage-first heap   total 126976K, used 99439K [0x0000000080000000, 0x0000000100000000)
  region size 1024K, 66 young (67584K), 9 survivors (9216K)
 Metaspace       used 55005K, capacity 56458K, committed 56704K, reserved 1097728K
  class space    used 7047K, capacity 7543K, committed 7552K, reserved 1048576K
}
Event: 9.109 GC heap after
{Heap after GC invocations=11 (full 0):
 garbage-first heap   total 126976K, used 46822K [0x0000000080000000, 0x0000000100000000)
  region size 1024K, 7 young (7168K), 7 survivors (7168K)
 Metaspace       used 55005K, capacity 56458K, committed 56704K, reserved 1097728K
  class space    used 7047K, capacity 7543K, committed 7552K, reserved 1048576K
}
Event: 9.524 GC heap before
{Heap before GC invocations=11 (full 0):
 garbage-first heap   total 126976K, used 68326K [0x0000000080000000, 0x0000000100000000)
  region size 1024K, 29 young (29696K), 7 survivors (7168K)
 Metaspace       used 58290K, capacity 59823K, committed 59948K, reserved 1101824K
  class space    used 7434K, capacity 8000K, committed 8064K, reserved 1048576K
}
Event: 9.530 GC heap after
{Heap after GC invocations=12 (full 0):
 garbage-first heap   total 152576K, used 48115K [0x0000000080000000, 0x0000000100000000)
  region size 1024K, 2 young (2048K), 2 survivors (2048K)
 Metaspace       used 58290K, capacity 59823K, committed 59948K, reserved 1101824K
  class space    used 7434K, capacity 8000K, committed 8064K, reserved 1048576K
}
Event: 10.657 GC heap before
{Heap before GC invocations=13 (full 0):
 garbage-first heap   total 152576K, used 116723K [0x0000000080000000, 0x0000000100000000)
  region size 1024K, 69 young (70656K), 2 survivors (2048K)
 Metaspace       used 64969K, capacity 66573K, committed 66604K, reserved 1107968K
  class space    used 8260K, capacity 8831K, committed 8832K, reserved 1048576K
}
Event: 10.664 GC heap after
{Heap after GC invocations=14 (full 0):
 garbage-first heap   total 152576K, used 54132K [0x0000000080000000, 0x0000000100000000)
  region size 1024K, 7 young (7168K), 7 survivors (7168K)
 Metaspace       used 64969K, capacity 66573K, committed 66604K, reserved 1107968K
  class space    used 8260K, capacity 8831K, committed 8832K, reserved 1048576K
}

